{"obj": {"type": "AssignString", "path": ["sys", "name"], "value": "Untitled"}, "version": 1}
{"obj": {"type": "AssignString", "path": ["sys", "description"], "value": ""}, "version": 2}
{"obj": {"type": "AssignString", "path": ["sys", "hostname"], "value": "server236"}, "version": 3}
{"obj": {"type": "AssignBool", "path": ["sys", "failed"], "value": false}, "version": 4}
{"obj": {"type": "ClearStringLog", "path": ["monitoring", "stdout"]}, "version": 5}
{"obj": {"type": "ClearStringLog", "path": ["monitoring", "stderr"]}, "version": 6}
{"obj": {"type": "AssignString", "path": ["source_code", "entrypoint"], "value": "train.py"}, "version": 7}
{"obj": {"type": "UploadFileSet", "path": ["source_code", "files"], "file_globs": ["/home/thuytt/dungpt/visual_question_answering/train.py"], "reset": "False"}, "version": 8}
{"obj": {"type": "ConfigFloatSeries", "path": ["monitoring", "cpu"], "min": 0.0, "max": 100.0, "unit": "%"}, "version": 9}
{"obj": {"type": "ClearFloatLog", "path": ["monitoring", "cpu"]}, "version": 10}
{"obj": {"type": "ConfigFloatSeries", "path": ["monitoring", "memory"], "min": 0.0, "max": 125.7845344543457, "unit": "GB"}, "version": 11}
{"obj": {"type": "ClearFloatLog", "path": ["monitoring", "memory"]}, "version": 12}
{"obj": {"type": "ConfigFloatSeries", "path": ["monitoring", "gpu_0"], "min": 0.0, "max": 100.0, "unit": "%"}, "version": 13}
{"obj": {"type": "ClearFloatLog", "path": ["monitoring", "gpu_0"]}, "version": 14}
{"obj": {"type": "ConfigFloatSeries", "path": ["monitoring", "gpu_1"], "min": 0.0, "max": 100.0, "unit": "%"}, "version": 15}
{"obj": {"type": "ClearFloatLog", "path": ["monitoring", "gpu_1"]}, "version": 16}
{"obj": {"type": "ConfigFloatSeries", "path": ["monitoring", "gpu_2"], "min": 0.0, "max": 100.0, "unit": "%"}, "version": 17}
{"obj": {"type": "ClearFloatLog", "path": ["monitoring", "gpu_2"]}, "version": 18}
{"obj": {"type": "ConfigFloatSeries", "path": ["monitoring", "gpu_3"], "min": 0.0, "max": 100.0, "unit": "%"}, "version": 19}
{"obj": {"type": "ClearFloatLog", "path": ["monitoring", "gpu_3"]}, "version": 20}
{"obj": {"type": "ConfigFloatSeries", "path": ["monitoring", "gpu_4"], "min": 0.0, "max": 100.0, "unit": "%"}, "version": 21}
{"obj": {"type": "ClearFloatLog", "path": ["monitoring", "gpu_4"]}, "version": 22}
{"obj": {"type": "ConfigFloatSeries", "path": ["monitoring", "gpu_5"], "min": 0.0, "max": 100.0, "unit": "%"}, "version": 23}
{"obj": {"type": "ClearFloatLog", "path": ["monitoring", "gpu_5"]}, "version": 24}
{"obj": {"type": "ConfigFloatSeries", "path": ["monitoring", "gpu_6"], "min": 0.0, "max": 100.0, "unit": "%"}, "version": 25}
{"obj": {"type": "ClearFloatLog", "path": ["monitoring", "gpu_6"]}, "version": 26}
{"obj": {"type": "ConfigFloatSeries", "path": ["monitoring", "gpu_7"], "min": 0.0, "max": 100.0, "unit": "%"}, "version": 27}
{"obj": {"type": "ClearFloatLog", "path": ["monitoring", "gpu_7"]}, "version": 28}
{"obj": {"type": "ConfigFloatSeries", "path": ["monitoring", "gpu_memory_0"], "min": 0.0, "max": 10.76116943359375, "unit": "GB"}, "version": 29}
{"obj": {"type": "ClearFloatLog", "path": ["monitoring", "gpu_memory_0"]}, "version": 30}
{"obj": {"type": "ConfigFloatSeries", "path": ["monitoring", "gpu_memory_1"], "min": 0.0, "max": 10.76116943359375, "unit": "GB"}, "version": 31}
{"obj": {"type": "ClearFloatLog", "path": ["monitoring", "gpu_memory_1"]}, "version": 32}
{"obj": {"type": "ConfigFloatSeries", "path": ["monitoring", "gpu_memory_2"], "min": 0.0, "max": 10.76116943359375, "unit": "GB"}, "version": 33}
{"obj": {"type": "ClearFloatLog", "path": ["monitoring", "gpu_memory_2"]}, "version": 34}
{"obj": {"type": "ConfigFloatSeries", "path": ["monitoring", "gpu_memory_3"], "min": 0.0, "max": 10.76116943359375, "unit": "GB"}, "version": 35}
{"obj": {"type": "ClearFloatLog", "path": ["monitoring", "gpu_memory_3"]}, "version": 36}
{"obj": {"type": "ConfigFloatSeries", "path": ["monitoring", "gpu_memory_4"], "min": 0.0, "max": 10.76116943359375, "unit": "GB"}, "version": 37}
{"obj": {"type": "ClearFloatLog", "path": ["monitoring", "gpu_memory_4"]}, "version": 38}
{"obj": {"type": "ConfigFloatSeries", "path": ["monitoring", "gpu_memory_5"], "min": 0.0, "max": 10.76116943359375, "unit": "GB"}, "version": 39}
{"obj": {"type": "ClearFloatLog", "path": ["monitoring", "gpu_memory_5"]}, "version": 40}
{"obj": {"type": "ConfigFloatSeries", "path": ["monitoring", "gpu_memory_6"], "min": 0.0, "max": 10.76116943359375, "unit": "GB"}, "version": 41}
{"obj": {"type": "ClearFloatLog", "path": ["monitoring", "gpu_memory_6"]}, "version": 42}
{"obj": {"type": "ConfigFloatSeries", "path": ["monitoring", "gpu_memory_7"], "min": 0.0, "max": 10.76116943359375, "unit": "GB"}, "version": 43}
{"obj": {"type": "ClearFloatLog", "path": ["monitoring", "gpu_memory_7"]}, "version": 44}
{"obj": {"type": "LogFloats", "path": ["monitoring", "cpu"], "values": [{"value": 15.8, "step": null, "ts": 1666684014.0125508}]}, "version": 45}
{"obj": {"type": "LogFloats", "path": ["monitoring", "memory"], "values": [{"value": 52.78813934326172, "step": null, "ts": 1666684014.0125508}]}, "version": 46}
{"obj": {"type": "LogFloats", "path": ["monitoring", "gpu_0"], "values": [{"value": 47.0, "step": null, "ts": 1666684014.0125508}]}, "version": 47}
{"obj": {"type": "LogFloats", "path": ["monitoring", "gpu_memory_0"], "values": [{"value": 10.6756591796875, "step": null, "ts": 1666684014.0125508}]}, "version": 48}
{"obj": {"type": "LogFloats", "path": ["monitoring", "gpu_memory_1"], "values": [{"value": 0.0037841796875, "step": null, "ts": 1666684014.0125508}]}, "version": 49}
{"obj": {"type": "LogFloats", "path": ["monitoring", "gpu_memory_2"], "values": [{"value": 0.0037841796875, "step": null, "ts": 1666684014.0125508}]}, "version": 50}
{"obj": {"type": "LogFloats", "path": ["monitoring", "gpu_memory_3"], "values": [{"value": 0.0037841796875, "step": null, "ts": 1666684014.0125508}]}, "version": 51}
{"obj": {"type": "LogFloats", "path": ["monitoring", "gpu_memory_4"], "values": [{"value": 0.0037841796875, "step": null, "ts": 1666684014.0125508}]}, "version": 52}
{"obj": {"type": "LogFloats", "path": ["monitoring", "gpu_memory_5"], "values": [{"value": 0.0037841796875, "step": null, "ts": 1666684014.0125508}]}, "version": 53}
{"obj": {"type": "LogFloats", "path": ["monitoring", "gpu_memory_6"], "values": [{"value": 0.0037841796875, "step": null, "ts": 1666684014.0125508}]}, "version": 54}
{"obj": {"type": "LogFloats", "path": ["monitoring", "gpu_memory_7"], "values": [{"value": 0.0037841796875, "step": null, "ts": 1666684014.0125508}]}, "version": 55}
{"obj": {"type": "LogStrings", "path": ["monitoring", "traceback"], "values": [{"value": "An uncaught exception occurred while run was active on worker server236.", "step": null, "ts": 1666684017.4047623}, {"value": "Marking run as failed", "step": null, "ts": 1666684017.4047623}, {"value": "Traceback:", "step": null, "ts": 1666684017.4047623}, {"value": "  File \"train.py\", line 247, in <module>\n    main(args)\n", "step": null, "ts": 1666684017.4047623}, {"value": "  File \"train.py\", line 45, in main\n    max_ans_length=args.max_num_ans\n", "step": null, "ts": 1666684017.4047623}, {"value": "  File \"/home/thuytt/dungpt/visual_question_answering/models.py\", line 89, in __init__\n    self.model = BertModel.from_pretrained(\"bert-base-multilingual-cased\", num_labels=2, output_hidden_states=True, output_attentions=True)\n", "step": null, "ts": 1666684017.4047623}, {"value": "  File \"/home/thuytt/miniconda3/envs/py37/lib/python3.7/site-packages/transformers/modeling_utils.py\", line 2156, in from_pretrained\n    model = cls(config, *model_args, **model_kwargs)\n", "step": null, "ts": 1666684017.4047623}, {"value": "  File \"/home/thuytt/miniconda3/envs/py37/lib/python3.7/site-packages/transformers/models/bert/modeling_bert.py\", line 891, in __init__\n    self.embeddings = BertEmbeddings(config)\n", "step": null, "ts": 1666684017.4047623}, {"value": "  File \"/home/thuytt/miniconda3/envs/py37/lib/python3.7/site-packages/transformers/models/bert/modeling_bert.py\", line 191, in __init__\n    self.word_embeddings = nn.Embedding(config.vocab_size, config.hidden_size, padding_idx=config.pad_token_id)\n", "step": null, "ts": 1666684017.4047623}, {"value": "  File \"/home/thuytt/miniconda3/envs/py37/lib/python3.7/site-packages/torch/nn/modules/sparse.py\", line 140, in __init__\n    self.reset_parameters()\n", "step": null, "ts": 1666684017.4047623}]}, "version": 56}
{"obj": {"type": "LogStrings", "path": ["monitoring", "traceback"], "values": [{"value": "  File \"/home/thuytt/miniconda3/envs/py37/lib/python3.7/site-packages/torch/nn/modules/sparse.py\", line 149, in reset_parameters\n    init.normal_(self.weight)\n", "step": null, "ts": 1666684017.4047623}, {"value": "  File \"/home/thuytt/miniconda3/envs/py37/lib/python3.7/site-packages/torch/nn/init.py\", line 155, in normal_\n    return _no_grad_normal_(tensor, mean, std)\n", "step": null, "ts": 1666684017.4047623}, {"value": "  File \"/home/thuytt/miniconda3/envs/py37/lib/python3.7/site-packages/torch/nn/init.py\", line 19, in _no_grad_normal_\n    return tensor.normal_(mean, std)\n", "step": null, "ts": 1666684017.4047623}, {"value": "", "step": null, "ts": 1666684017.4047623}]}, "version": 57}
{"obj": {"type": "AssignBool", "path": ["sys", "failed"], "value": true}, "version": 58}
{"obj": {"type": "LogStrings", "path": ["monitoring", "stderr"], "values": [{"value": "Traceback (most recent call last):\n", "step": null, "ts": 1666684017.4052327}]}, "version": 59}
{"obj": {"type": "LogStrings", "path": ["monitoring", "stderr"], "values": [{"value": "  File \"train.py\", line 247, in <module>\n", "step": null, "ts": 1666684017.4053538}]}, "version": 60}
{"obj": {"type": "LogStrings", "path": ["monitoring", "stderr"], "values": [{"value": "    ", "step": null, "ts": 1666684017.4055603}]}, "version": 61}
{"obj": {"type": "LogStrings", "path": ["monitoring", "stderr"], "values": [{"value": "main(args)", "step": null, "ts": 1666684017.4056778}]}, "version": 62}
{"obj": {"type": "LogStrings", "path": ["monitoring", "stderr"], "values": [{"value": "\n", "step": null, "ts": 1666684017.405785}]}, "version": 63}
{"obj": {"type": "LogStrings", "path": ["monitoring", "stderr"], "values": [{"value": "  File \"train.py\", line 45, in main\n", "step": null, "ts": 1666684017.4058821}]}, "version": 64}
{"obj": {"type": "LogStrings", "path": ["monitoring", "stderr"], "values": [{"value": "    ", "step": null, "ts": 1666684017.4060543}]}, "version": 65}
{"obj": {"type": "LogStrings", "path": ["monitoring", "stderr"], "values": [{"value": "max_ans_length=args.max_num_ans", "step": null, "ts": 1666684017.4061575}]}, "version": 66}
{"obj": {"type": "LogStrings", "path": ["monitoring", "stderr"], "values": [{"value": "\n", "step": null, "ts": 1666684017.406268}]}, "version": 67}
{"obj": {"type": "LogStrings", "path": ["monitoring", "stderr"], "values": [{"value": "  File \"/home/thuytt/dungpt/visual_question_answering/models.py\", line 89, in __init__\n", "step": null, "ts": 1666684017.4063718}]}, "version": 68}
{"obj": {"type": "LogStrings", "path": ["monitoring", "stderr"], "values": [{"value": "    ", "step": null, "ts": 1666684017.406527}]}, "version": 69}
{"obj": {"type": "LogStrings", "path": ["monitoring", "stderr"], "values": [{"value": "self.model = BertModel.from_pretrained(\"bert-base-multilingual-cased\", num_labels=2, output_hidden_states=True, output_attentions=True)", "step": null, "ts": 1666684017.4066157}]}, "version": 70}
{"obj": {"type": "LogStrings", "path": ["monitoring", "stderr"], "values": [{"value": "\n", "step": null, "ts": 1666684017.4067075}]}, "version": 71}
{"obj": {"type": "LogStrings", "path": ["monitoring", "stderr"], "values": [{"value": "  File \"/home/thuytt/miniconda3/envs/py37/lib/python3.7/site-packages/transformers/modeling_utils.py\", line 2156, in from_pretrained\n", "step": null, "ts": 1666684017.4067996}]}, "version": 72}
{"obj": {"type": "LogStrings", "path": ["monitoring", "stderr"], "values": [{"value": "    ", "step": null, "ts": 1666684017.407365}]}, "version": 73}
{"obj": {"type": "LogStrings", "path": ["monitoring", "stderr"], "values": [{"value": "model = cls(config, *model_args, **model_kwargs)", "step": null, "ts": 1666684017.407463}]}, "version": 74}
{"obj": {"type": "LogStrings", "path": ["monitoring", "stderr"], "values": [{"value": "\n", "step": null, "ts": 1666684017.4075594}]}, "version": 75}
{"obj": {"type": "LogStrings", "path": ["monitoring", "stderr"], "values": [{"value": "  File \"/home/thuytt/miniconda3/envs/py37/lib/python3.7/site-packages/transformers/models/bert/modeling_bert.py\", line 891, in __init__\n", "step": null, "ts": 1666684017.407656}]}, "version": 76}
{"obj": {"type": "LogStrings", "path": ["monitoring", "stderr"], "values": [{"value": "    ", "step": null, "ts": 1666684017.4079742}]}, "version": 77}
{"obj": {"type": "LogStrings", "path": ["monitoring", "stderr"], "values": [{"value": "self.embeddings = BertEmbeddings(config)", "step": null, "ts": 1666684017.4080772}]}, "version": 78}
{"obj": {"type": "LogStrings", "path": ["monitoring", "stderr"], "values": [{"value": "\n", "step": null, "ts": 1666684017.408177}]}, "version": 79}
{"obj": {"type": "LogStrings", "path": ["monitoring", "stderr"], "values": [{"value": "  File \"/home/thuytt/miniconda3/envs/py37/lib/python3.7/site-packages/transformers/models/bert/modeling_bert.py\", line 191, in __init__\n", "step": null, "ts": 1666684017.4082723}]}, "version": 80}
{"obj": {"type": "LogStrings", "path": ["monitoring", "stderr"], "values": [{"value": "    ", "step": null, "ts": 1666684017.4084516}]}, "version": 81}
{"obj": {"type": "LogStrings", "path": ["monitoring", "stderr"], "values": [{"value": "self.word_embeddings = nn.Embedding(config.vocab_size, config.hidden_size, padding_idx=config.pad_token_id)", "step": null, "ts": 1666684017.4085424}]}, "version": 82}
{"obj": {"type": "LogStrings", "path": ["monitoring", "stderr"], "values": [{"value": "\n", "step": null, "ts": 1666684017.4086459}]}, "version": 83}
{"obj": {"type": "LogStrings", "path": ["monitoring", "stderr"], "values": [{"value": "  File \"/home/thuytt/miniconda3/envs/py37/lib/python3.7/site-packages/torch/nn/modules/sparse.py\", line 140, in __init__\n", "step": null, "ts": 1666684017.4087393}]}, "version": 84}
{"obj": {"type": "LogStrings", "path": ["monitoring", "stderr"], "values": [{"value": "    ", "step": null, "ts": 1666684017.408922}]}, "version": 85}
{"obj": {"type": "LogStrings", "path": ["monitoring", "stderr"], "values": [{"value": "self.reset_parameters()", "step": null, "ts": 1666684017.4090343}]}, "version": 86}
{"obj": {"type": "LogStrings", "path": ["monitoring", "stderr"], "values": [{"value": "\n", "step": null, "ts": 1666684017.4091268}]}, "version": 87}
{"obj": {"type": "LogStrings", "path": ["monitoring", "stderr"], "values": [{"value": "  File \"/home/thuytt/miniconda3/envs/py37/lib/python3.7/site-packages/torch/nn/modules/sparse.py\", line 149, in reset_parameters\n", "step": null, "ts": 1666684017.4092193}]}, "version": 88}
{"obj": {"type": "LogStrings", "path": ["monitoring", "stderr"], "values": [{"value": "    ", "step": null, "ts": 1666684017.4093874}]}, "version": 89}
{"obj": {"type": "LogStrings", "path": ["monitoring", "stderr"], "values": [{"value": "init.normal_(self.weight)", "step": null, "ts": 1666684017.4094768}]}, "version": 90}
{"obj": {"type": "LogStrings", "path": ["monitoring", "stderr"], "values": [{"value": "\n", "step": null, "ts": 1666684017.4095676}]}, "version": 91}
{"obj": {"type": "LogStrings", "path": ["monitoring", "stderr"], "values": [{"value": "  File \"/home/thuytt/miniconda3/envs/py37/lib/python3.7/site-packages/torch/nn/init.py\", line 155, in normal_\n", "step": null, "ts": 1666684017.4096594}]}, "version": 92}
{"obj": {"type": "LogStrings", "path": ["monitoring", "stderr"], "values": [{"value": "    ", "step": null, "ts": 1666684017.4098248}]}, "version": 93}
{"obj": {"type": "LogStrings", "path": ["monitoring", "stderr"], "values": [{"value": "return _no_grad_normal_(tensor, mean, std)", "step": null, "ts": 1666684017.4099185}]}, "version": 94}
{"obj": {"type": "LogStrings", "path": ["monitoring", "stderr"], "values": [{"value": "\n", "step": null, "ts": 1666684017.4100087}]}, "version": 95}
{"obj": {"type": "LogStrings", "path": ["monitoring", "stderr"], "values": [{"value": "  File \"/home/thuytt/miniconda3/envs/py37/lib/python3.7/site-packages/torch/nn/init.py\", line 19, in _no_grad_normal_\n", "step": null, "ts": 1666684017.4101014}]}, "version": 96}
{"obj": {"type": "LogStrings", "path": ["monitoring", "stderr"], "values": [{"value": "    ", "step": null, "ts": 1666684017.410242}]}, "version": 97}
{"obj": {"type": "LogStrings", "path": ["monitoring", "stderr"], "values": [{"value": "return tensor.normal_(mean, std)", "step": null, "ts": 1666684017.41033}]}, "version": 98}
{"obj": {"type": "LogStrings", "path": ["monitoring", "stderr"], "values": [{"value": "\n", "step": null, "ts": 1666684017.410418}]}, "version": 99}
{"obj": {"type": "LogStrings", "path": ["monitoring", "stderr"], "values": [{"value": "KeyboardInterrupt", "step": null, "ts": 1666684017.4105053}]}, "version": 100}
{"obj": {"type": "LogStrings", "path": ["monitoring", "stderr"], "values": [{"value": "", "step": null, "ts": 1666684017.4105875}]}, "version": 101}
{"obj": {"type": "LogStrings", "path": ["monitoring", "stderr"], "values": [{"value": "\n", "step": null, "ts": 1666684017.4106743}]}, "version": 102}
{"obj": {"type": "LogStrings", "path": ["monitoring", "stdout"], "values": [{"value": "Shutting down background jobs, please wait a moment...", "step": null, "ts": 1666684017.410924}]}, "version": 103}
{"obj": {"type": "LogStrings", "path": ["monitoring", "stdout"], "values": [{"value": "\n", "step": null, "ts": 1666684017.4110265}]}, "version": 104}
